See the Assessment Guide for information on how to interpret this report.

ASSESSMENT SUMMARY

Compilation:  PASSED
API:          PASSED

Findbugs:     FAILED (3 warnings)
PMD:          PASSED
Checkstyle:   FAILED (0 errors, 3 warnings)

Correctness:  39/41 tests passed
Memory:       1/1 tests passed
Timing:       36/41 tests passed

Aggregate score: 94.63%
[Compilation: 5%, API: 5%, Findbugs: 0%, PMD: 0%, Checkstyle: 0%, Correctness: 60%, Memory: 10%, Timing: 20%]

ASSESSMENT DETAILS

The following files were submitted:
----------------------------------
3.2K Jan  1 20:22 BruteCollinearPoints.java
2.8K Jan  1 20:22 FastCollinearPoints.java
5.2K Jan  1 20:22 Point.java


********************************************************************************
*  COMPILING                                                                    
********************************************************************************


% javac Point.java
*-----------------------------------------------------------

% javac BruteCollinearPoints.java
*-----------------------------------------------------------

% javac FastCollinearPoints.java
*-----------------------------------------------------------


================================================================


Checking the APIs of your programs.
*-----------------------------------------------------------
Point:

BruteCollinearPoints:

FastCollinearPoints:

================================================================


********************************************************************************
*  CHECKING STYLE AND COMMON BUG PATTERNS                                       
********************************************************************************


% findbugs *.class
*-----------------------------------------------------------
L D FE_FLOATING_POINT_EQUALITY FE: Tests for exact floating-point equality. Because floating-point calculations may involve rounding, the calculated values may be imprecise.  At Point.java:[line 108]
L D FE_FLOATING_POINT_EQUALITY FE: Tests for exact floating-point equality. Because floating-point calculations may involve rounding, the calculated values may be imprecise.  At BruteCollinearPoints.java:[line 60]
L D FE_FLOATING_POINT_EQUALITY FE: Tests for exact floating-point equality. Because floating-point calculations may involve rounding, the calculated values may be imprecise.  At FastCollinearPoints.java:[line 50]
Warnings generated: 3


================================================================


% pmd .
*-----------------------------------------------------------


================================================================


% checkstyle *.java
*-----------------------------------------------------------
[WARN] FastCollinearPoints.java:69:37: Do not use the letter 'o' as a parameter variable name. It is hard to distinguish from the number '0'. [ParameterName]
Checkstyle ends with 0 errors and 1 warning.

% custom checkstyle checks for Point.java
*-----------------------------------------------------------
[WARN] Point.java:109:67: The numeric literal '-0' appears to be unnecessary. [NumericLiteral]
[WARN] Point.java:111:72: The numeric literal '-0' appears to be unnecessary. [NumericLiteral]
Checkstyle ends with 0 errors and 2 warnings.

% custom checkstyle checks for BruteCollinearPoints.java
*-----------------------------------------------------------

% custom checkstyle checks for FastCollinearPoints.java
*-----------------------------------------------------------


================================================================


********************************************************************************
*  TESTING CORRECTNESS
********************************************************************************

Testing correctness of Point
*-----------------------------------------------------------
Running 3 total tests.

Test 1: p.slopeTo(q)
  * positive infinite slope, where p and q have coordinates in [0, 500)
  * positive infinite slope, where p and q have coordinates in [0, 32768)
  * negative infinite slope, where p and q have coordinates in [0, 500)
  * negative infinite slope, where p and q have coordinates in [0, 32768)
  * positive zero     slope, where p and q have coordinates in [0, 500)
  * positive zero     slope, where p and q have coordinates in [0, 32768)
  * symmetric for random points p and q with coordinates in [0, 500)
  * symmetric for random points p and q with coordinates in [0, 32768)
  * transitive for random points p, q, and r with coordinates in [0, 500)
  * transitive for random points p, q, and r with coordinates in [0, 32768)
  * slopeTo(), where p and q have coordinates in [0, 500)
  * slopeTo(), where p and q have coordinates in [0, 32768)
  * slopeTo(), where p and q have coordinates in [0, 10)
  * throw a java.lang.NullPointerException if argument is null
==> passed

Test 2: p.compareTo(q)
  * reflexive, where p and q have coordinates in [0, 500)
  * reflexive, where p and q have coordinates in [0, 32768)
  * antisymmetric, where p and q have coordinates in [0, 500)
  * antisymmetric, where p and q have coordinates in [0, 32768)
  * transitive, where p, q, and r have coordinates in [0, 500)
  * transitive, where p, q, and r have coordinates in [0, 32768)
  * sign of compareTo(), where p and q have coordinates in [0, 500)
  * sign of compareTo(), where p and q have coordinates in [0, 32768)
  * sign of compareTo(), where p and q have coordinates in [0, 10)
  * throw java.lang.NullPointerException exception if argument is null
==> passed

Test 3: p.slopeOrder().compare(q, r)
  * reflexive, where p and q have coordinates in [0, 500)
  * reflexive, where p and q have coordinates in [0, 32768)
  * antisymmetric, where p, q, and r have coordinates in [0, 500)
  * antisymmetric, where p, q, and r have coordinates in [0, 32768)
  * transitive, where p, q, r, and s have coordinates in [0, 500)
  * transitive, where p, q, r, and s have coordinates in [0, 32768)
  * sign of compare(), where p, q, and r have coordinates in [0, 500)
  * sign of compare(), where p, q, and r have coordinates in [0, 32768)
  * sign of compare(), where p, q, and r have coordinates in [0, 10)
  * throw java.lang.NullPointerException if either argument is null
==> passed


Total: 3/3 tests passed!


================================================================
********************************************************************************
*  TESTING CORRECTNESS (substituting reference Point and LineSegment)
********************************************************************************

Testing correctness of BruteCollinearPoints
*-----------------------------------------------------------
Running 17 total tests.

The inputs satisfy the following conditions:
  - no duplicate points
  - no 5 (or more) points are collinear
  - all x- and y-coordinates between 0 and 32,767

Test 1: points from a file
  * filename = input8.txt
  * filename = equidistant.txt
  * filename = input40.txt
  * filename = input48.txt
==> passed

Test 2a: points from a file with horizontal line segments
  * filename = horizontal5.txt
  * filename = horizontal25.txt
==> passed

Test 2b: random horizontal line segments
  *  1 random horizontal line segment
  *  5 random horizontal line segments
  * 10 random horizontal line segments
  * 15 random horizontal line segments
==> passed

Test 3a: points from a file with vertical line segments
  * filename = vertical5.txt
  * filename = vertical25.txt
==> passed

Test 3b: random vertical line segments
  *  1 random vertical line segment
  *  5 random vertical line segments
  * 10 random vertical line segments
  * 15 random vertical line segments
==> passed

Test 4a: points from a file with no line segments
  * filename = random23.txt
  * filename = random38.txt
==> passed

Test 4b: random points with no line segments
  *  5 random points
  * 10 random points
  * 20 random points
  * 50 random points
==> passed

Test 5: points from a file with fewer than 4 points
  * filename = input1.txt
  * filename = input2.txt
  * filename = input3.txt
==> passed

Test 6: check for dependence on either compareTo() or compare()
        returning { -1, +1, 0 } instead of { negative integer,
        positive integer, zero }
  * filename = equidistant.txt
  * filename = input40.txt
  * filename = input48.txt
==> passed

Test 7: check for fragile dependence on return value of toString()
  * filename = equidistant.txt
  * filename = input40.txt
  * filename = input48.txt
==> passed

Test 8: random line segments, none vertical or horizontal
  *  1 random line segment
  *  5 random line segments
  * 10 random line segments
  * 15 random line segments
==> passed

Test 9: random line segments
  *  1 random line segment
  *  5 random line segments
  * 10 random line segments
  * 15 random line segments
==> passed

Test 10: check that data type is immutable by testing whether each method
         returns the same value, regardless of any intervening operations
  * input8.txt
  * equidistant.txt
==> passed

Test 11: check that data type does not mutate the constructor argument
  * input8.txt
  * equidistant.txt
==> passed

Test 12: numberOfSegments() is consistent with segments()
  * filename = input8.txt
  * filename = equidistant.txt
  * filename = input40.txt
  * filename = input48.txt
  * filename = horizontal5.txt
  * filename = vertical5.txt
  * filename = random23.txt
==> passed

Test 13: throws an exception if either the constructor argument is null
         or any entry in array is null
  * argument is null
  * Point[] of length 10, number of null entries = 1
  * Point[] of length 10, number of null entries = 10
  * Point[] of length 4, number of null entries = 1
  * Point[] of length 3, number of null entries = 1
  * Point[] of length 2, number of null entries = 1
  * Point[] of length 1, number of null entries = 1
==> passed

Test 14: check that the constructor throws an exception if duplicate points
  * 50 points
  * 25 points
  * 5 points
  * 4 points
  * 3 points
  * 2 points
==> passed


Total: 17/17 tests passed!


================================================================
Testing correctness of FastCollinearPoints
*-----------------------------------------------------------
Running 21 total tests.

The inputs satisfy the following conditions:
  - no duplicate points
  - all x- and y-coordinates between 0 and 32,767

Test 1: points from a file
  * filename = input8.txt
  * filename = equidistant.txt
  * filename = input40.txt
  * filename = input48.txt
  * filename = input299.txt
==> passed

Test 2a: points from a file with horizontal line segments
  * filename = horizontal5.txt
  * filename = horizontal25.txt
  * filename = horizontal50.txt
  * filename = horizontal75.txt
  * filename = horizontal100.txt
==> passed

Test 2b: random horizontal line segments
  *  1 random horizontal line segment
  *  5 random horizontal line segments
  * 10 random horizontal line segments
  * 15 random horizontal line segments
==> passed

Test 3a: points from a file with vertical line segments
  * filename = vertical5.txt
  * filename = vertical25.txt
  * filename = vertical50.txt
  * filename = vertical75.txt
  * filename = vertical100.txt
==> passed

Test 3b: random vertical line segments
  *  1 random vertical line segment
  *  5 random vertical line segments
  * 10 random vertical line segments
  * 15 random vertical line segments
==> passed

Test 4a: points from a file with no line segments
  * filename = random23.txt
  * filename = random38.txt
  * filename = random91.txt
  * filename = random152.txt
==> passed

Test 4b: random points with no line segments
  *  5 random points
  * 10 random points
  * 20 random points
  * 50 random points
==> passed

Test 5a: points from a file with 5 or more on some line segments
  * filename = input9.txt
  * filename = input10.txt
  * filename = input20.txt
  * filename = input50.txt
  * filename = input80.txt
  * filename = input300.txt
  * filename = inarow.txt
==> passed

Test 5b: points from a file with 5 or more on some line segments
  * filename = kw1260.txt
  * filename = rs1423.txt
==> passed

Test 6: points from a file with fewer than 4 points
  * filename = input1.txt
  * filename = input2.txt
  * filename = input3.txt
==> passed

Test 7: check for dependence on either compareTo() or compare()
        returning { -1, +1, 0 } instead of { negative integer,
        positive integer, zero }
  * filename = equidistant.txt
  * filename = input40.txt
  * filename = input48.txt
  * filename = input299.txt
==> passed

Test 8: check for fragile dependence on return value of toString()
  * filename = equidistant.txt
  * filename = input40.txt
  * filename = input48.txt
==> passed

Test 9: random line segments, none vertical or horizontal
  *  1 random line segment
  *  5 random line segments
  * 25 random line segments
  * 50 random line segments
  * 100 random line segments
==> passed

Test 10: random line segments
  *  1 random line segment
  *  5 random line segments
  * 25 random line segments
  * 50 random line segments
  * 100 random line segments
==> passed

Test 11: random distinct points in a given range
  * 5 random points in a 10-by-10 grid
  * 10 random points in a 10-by-10 grid
  * 50 random points in a 10-by-10 grid
  * 90 random points in a 10-by-10 grid
  * 200 random points in a 50-by-50 grid
==> passed

Test 12: m*n points on an m-by-n grid
  * 3-by-3 grid
  * 4-by-4 grid
  * 5-by-5 grid
  * 10-by-10 grid
  * 20-by-20 grid
  * 5-by-4 grid
  * 6-by-4 grid
  * 10-by-4 grid
  * 15-by-4 grid
  * 25-by-4 grid
==> passed

Test 13: check that data type is immutable by testing whether each method
         returns the same value, regardless of any intervening operations
  * input8.txt
  * equidistant.txt
==> passed

Test 14: check that data type does not mutate the constructor argument
  * input8.txt
  * equidistant.txt
==> passed

Test 15: numberOfSegments() is consistent with segments()
  * filename = input8.txt
  * filename = equidistant.txt
  * filename = input40.txt
  * filename = input48.txt
  * filename = horizontal5.txt
  * filename = vertical5.txt
  * filename = random23.txt
==> passed

Test 16: throws an exception if either constructor argument is null
         or any entry in array is null
  * argument is null
  * Point[] of length 10, number of null entries = 1
    - constructor throws wrong exception
    - constructor throws a java.lang.NullPointerException
    - constructor should throw a java.lang.IllegalArgumentException
     10
     13034  7318
     12243 20305
     19814  5524
       149 32527
     28808 24199
      6624  7886
      3112  2222
     null
     17112 21915
     10215 23980

  * Point[] of length 10, number of null entries = 10
  * Point[] of length 4, number of null entries = 1
    - constructor throws wrong exception
    - constructor throws a java.lang.NullPointerException
    - constructor should throw a java.lang.IllegalArgumentException
     4
      3135 13502
      7408 25035
     17598  6239
     null

  * Point[] of length 3, number of null entries = 1
  * Point[] of length 2, number of null entries = 1
  * Point[] of length 1, number of null entries = 1
==> FAILED

Test 17: check that the constructor throws an exception if duplicate points
  * 50 points
    - failed on trial 1 of 5
    - constructor fails to throw a java.lang.IllegalArgumentException when passed duplicate points


  * 25 points
    - failed on trial 1 of 10
    - constructor fails to throw a java.lang.IllegalArgumentException when passed duplicate points


  * 5 points
    - failed on trial 1 of 100
    - constructor fails to throw a java.lang.IllegalArgumentException when passed duplicate points

     5
     27618  6201
      1357 25273
     27618  6201
     23750  7497
     21864 32069

  * 4 points
    - failed on trial 1 of 100
    - constructor fails to throw a java.lang.IllegalArgumentException when passed duplicate points

     4
     17753  5567
     17753  5567
      1230  7168
      1903  9822

  * 3 points
    - failed on trial 1 of 100
    - constructor fails to throw a java.lang.IllegalArgumentException when passed duplicate points

     3
     32296 26088
      1269 22143
      1269 22143

  * 2 points
    - failed on trial 1 of 100
    - constructor fails to throw a java.lang.IllegalArgumentException when passed duplicate points

     2
     15723 12592
     15723 12592

==> FAILED


Total: 19/21 tests passed!


================================================================
********************************************************************************
*  MEMORY
********************************************************************************

Analyzing memory of Point
*-----------------------------------------------------------
Running 1 total tests.

The maximum amount of memory per Point object is 32 bytes.

Student memory = 24 bytes (passed)

Total: 1/1 tests passed!

================================================================



********************************************************************************
*  TIMING
********************************************************************************

Timing BruteCollinearPoints
*-----------------------------------------------------------
Running 10 total tests.

Test 1a-1e: Find collinear points among n random distinct points


                                                      slopeTo()
             n    time     slopeTo()   compare()  + 2*compare()        compareTo()
-----------------------------------------------------------------------------------------------
=> passed    16   0.00        5460           0           5460                 6700         
=> passed    32   0.01      107880           0         107880               118296         
=> passed    64   0.03     1906128           0        1906128              1991472         
=> passed   128   0.14    32004000           0       32004000             32694880         
=> passed   256   1.49   524377920           0      524377920            529937600         
==> 5/5 tests passed

Test 2a-2e: Find collinear points among n/4 arbitrary line segments


                                                      slopeTo()
             n    time     slopeTo()   compare()  + 2*compare()        compareTo()
-----------------------------------------------------------------------------------------------
=> passed    16   0.00        5460           0           5460                 6721         
=> passed    32   0.00      107880           0         107880               118342         
=> passed    64   0.02     1906128           0        1906128              1991558         
=> passed   128   0.25    32004000           0       32004000             32695048         
=> passed   256   3.97   524377920           0      524377920            529937947         
==> 5/5 tests passed

Total: 10/10 tests passed!


================================================================



Timing FastCollinearPoints
*-----------------------------------------------------------
Running 31 total tests.

Test 1a-1g: Find collinear points among n random distinct points


                                                      slopeTo()
             n    time     slopeTo()   compare()  + 2*compare()        compareTo()
-----------------------------------------------------------------------------------------------
=> passed    64   0.02        4096       19590          43276                    0         
=> passed   128   0.02       16384       94159         204702                    0         
=> passed   256   0.12       65536      443537         952610                    0         
=> passed   512   0.25      262144     2033882        4329908                    0         
=> passed  1024   0.71     1048576     9182728       19414032                    0         
=> passed  2048   1.58     4194304    40893923       85982150                    0         
==> 6/6 tests passed

lg ratio(slopeTo() + 2*compare()) = lg (85982150 / 19414032) = 2.15
=> passed

==> 7/7 tests passed

Test 2a-2g: Find collinear points among the n points on an n-by-1 grid

                                                      slopeTo()
             n    time     slopeTo()   compare()  + 2*compare()        compareTo()
-----------------------------------------------------------------------------------------------
=> passed    64   0.01        4096        4764          13624                19680         
=> passed   128   0.01       16384       17796          51976                93936         
=> FAILED   256   0.02       65536       68717         202970               443066   (1.1x)
=> FAILED   512   0.14      262144      269399         800942              2038825   (1.4x)
=> FAILED  1024   0.29     1048576     1065026        3178628              9176352   (1.6x)
=> FAILED  2048   0.67     4194304     4231214       12656732             40880217   (1.9x)
=> FAILED  4096   2.96    16777216    16859163       50495542            180404616   (2.1x)
==> 2/7 tests passed

lg ratio(slopeTo() + 2*compare()) = lg (50495542 / 12656732) = 2.00
=> passed

==> 3/8 tests passed

Test 3a-3g: Find collinear points among the n points on an n/4-by-4 grid

                                                      slopeTo()
             n    time     slopeTo()   compare()  + 2*compare()        compareTo()
-----------------------------------------------------------------------------------------------
=> passed    64   0.00        4096       19544          43184                 5098         
=> passed   128   0.01       16384       92771         201926                24243         
=> passed   256   0.02       65536      429068         923672               112833         
=> passed   512   0.07      262144     1927186        4116516               515029         
=> passed  1024   0.30     1048576     8549938       18148452              2328827         
=> passed  2048   1.16     4194304    37557624       79309552             10372465         
=> passed  4096   4.99    16777216   163345861      343468938             45622229         
==> 7/7 tests passed

lg ratio(slopeTo() + 2*compare()) = lg (343468938 / 79309552) = 2.11
=> passed

==> 8/8 tests passed

Test 4a-4g: Find collinear points among the n points on an n/8-by-8 grid

                                                      slopeTo()
             n    time     slopeTo()   compare()  + 2*compare()        compareTo()
-----------------------------------------------------------------------------------------------
=> passed    64   0.00        4096       19583          43262                 4428         
=> passed   128   0.00       16384       94217         204818                19215         
=> passed   256   0.01       65536      440961         947458                84404         
=> passed   512   0.06      262144     2009978        4282100               366768         
=> passed  1024   0.27     1048576     8992972       19034520              1588354         
=> passed  2048   1.24     4194304    39734363       83663030              6883575         
=> passed  4096   5.39    16777216   173881893      364541002             29564400         
==> 7/7 tests passed

lg ratio(slopeTo() + 2*compare()) = lg (364541002 / 83663030) = 2.12
=> passed

==> 8/8 tests passed

Total: 26/31 tests passed!


================================================================


