See the Assessment Guide for information on how to interpret this report.

ASSESSMENT SUMMARY

Compilation:  PASSED
API:          PASSED

Spotbugs:     FAILED (3 warnings)
PMD:          FAILED (5 warnings)
Checkstyle:   FAILED (0 errors, 1 warning)

Correctness:  32/36 tests passed
Memory:       4/4 tests passed
Timing:       19/27 tests passed

Aggregate score: 87.41%
[Compilation: 5%, API: 5%, Spotbugs: 0%, PMD: 0%, Checkstyle: 0%, Correctness: 60%, Memory: 10%, Timing: 20%]

ASSESSMENT DETAILS

The following files were submitted:
----------------------------------
 197 Jul 24 12:35 CommonAncestor.java
3.2K Jul 24 12:35 DeluxeBFS.java
 343 Jul 24 12:35 Outcast.java
2.6K Jul 24 12:35 SAP.java
5.7K Jul 24 12:35 WordNet.java


********************************************************************************
*  COMPILING                                                                    
********************************************************************************


% javac11 SAP.java
*-----------------------------------------------------------

% javac11 WordNet.java
*-----------------------------------------------------------

% javac11 Outcast.java
*-----------------------------------------------------------


================================================================


Checking the APIs of your programs.
*-----------------------------------------------------------
SAP:

WordNet:

Outcast:

================================================================


********************************************************************************
*  CHECKING STYLE AND COMMON BUG PATTERNS                                       
********************************************************************************


% spotbugs *.class
*-----------------------------------------------------------
M C LUI_USE_SINGLETON_LIST LUI: Method WordNet.readSynsets(String) builds a list from one element using Arrays.asList rather than Collections.singletonList  At WordNet.java:[line 106]
H I DM_DEFAULT_ENCODING Dm: The method or constructor call 'new java.util.Scanner(File)' relies on the default encoding when performing a byte-to-String (or String-to-byte) conversion.  At WordNet.java:[line 92]
H I DM_DEFAULT_ENCODING Dm: The method or constructor call 'new java.util.Scanner(File)' relies on the default encoding when performing a byte-to-String (or String-to-byte) conversion.  At WordNet.java:[line 133]
Warnings generated: 3


================================================================


% pmd .
*-----------------------------------------------------------
CommonAncestor.java:2: All instance (and static) variables must be 'private'. [OnlyPrivateInstanceVariables]
CommonAncestor.java:3: All instance (and static) variables must be 'private'. [OnlyPrivateInstanceVariables]
Outcast.java:3: Avoid unused parameter variables, such as 'wordnet'. [UnusedFormalParameter]
Outcast.java:13: The method body is empty. If this is your intent, document it with a comment. [UncommentedEmptyMethodBody]
WordNet.java:138: Use the 'isEmpty()' method instead of comparing 'size()' to '0'. [UseCollectionIsEmpty]
PMD ends with 5 warnings.


================================================================


% checkstyle *.java
*-----------------------------------------------------------
[WARN] WordNet.java:104:25: 'if' is not followed by whitespace. [WhitespaceAround]
Checkstyle ends with 0 errors and 1 warning.

% custom checkstyle checks for SAP.java
*-----------------------------------------------------------

% custom checkstyle checks for WordNet.java
*-----------------------------------------------------------
[INFO] WordNet.java:1: The program uses neither 'DirectedCycle' nor 'Topological' to check whether the digraph is a DAG. [Design]

% custom checkstyle checks for Outcast.java
*-----------------------------------------------------------


================================================================


********************************************************************************
*  TESTING CORRECTNESS
********************************************************************************

Testing correctness of SAP
*-----------------------------------------------------------
Running 20 total tests.

Test 1: check length() and ancestor() on fixed digraphs
  * digraph1.txt
  * digraph2.txt
  * digraph3.txt
  * digraph4.txt
  * digraph5.txt
  * digraph6.txt
  * digraph9.txt
==> passed

Test 2: check length() and ancestor() on WordNet digraph
  * 100 random vertex pairs in digraph-wordnet.txt
==> passed

Test 3: check length() and ancestor() on directed paths
  * 5
  * 10
  * 20
  * 50
  * 100
==> passed

Test 4: check length() and ancestor() on directed cycles
  * 5
  * 10
  * 20
  * 50
  * 100
==> passed

Test 5: check length() and ancestor() on complete graphs
  * 5
  * 10
  * 20
  * 50
==> passed

Test 6: check length() and ancestor() on tournament digraphs
  * 5
  * 10
  * 20
  * 50
==> passed

Test 7: check length() and ancestor() on complete binary trees
  * 5
  * 10
  * 20
  * 50
  * 100
==> passed

Test 8: check length() and ancestor() on random DAGs
  * 5 vertices, 8 edges
  * 10 vertices, 40 edges
  * 20 vertices, 100 edges
==> passed

Test 9: check length() and ancestor() on random rooted-in DAGs
  * 5 vertices, 8 edges
  * 10 vertices, 40 edges
  * 20 vertices, 100 edges
==> passed

Test 10: check length() and ancestor() on random rooted-out DAGs
  * 5 vertices, 8 edges
  * 10 vertices, 40 edges
  * 20 vertices, 100 edges
==> passed

Test 11: check length() and ancestor() on random rooted-in trees
  * 5 vertices
  * 10 vertices
  * 20 vertices
==> passed

Test 12: check length() and ancestor() on random rooted-out trees
  * 5 vertices
  * 10 vertices
  * 20 vertices
==> passed

Test 13: check length() and ancestor() on random simple digraphs
  * 5 vertices, 8 edges
  * 10 vertices, 40 edges
  * 20 vertices, 100 edges
==> passed

Test 14: check whether two SAP objects can be created at the same time
  * digraph1.txt and digraph2.txt
  * digraph3.txt and digraph4.txt
  * digraph5.txt and digraph6.txt
  * digraph2.txt and digraph1.txt
==> passed

Test 15: check whether SAP is immutable
  * digraph1.txt
  * digraph2.txt
  * digraph3.txt
  * digraph4.txt
  * digraph5.txt
  * digraph6.txt
  * digraph-ambiguous-ancestor.txt
==> passed

Test 16: check length() and ancestor() with iterable arguments
  * 100 random subsets of 1 and 1 vertices in digraph-wordnet.txt
  * 100 random subsets of 1 and 2 vertices in digraph-wordnet.txt
  * 100 random subsets of 2 and 1 vertices in digraph-wordnet.txt
  * 100 random subsets of 2 and 2 vertices in digraph-wordnet.txt
  * 100 random subsets of 3 and 11 vertices in digraph-wordnet.txt
  * 100 random subsets of 11 and 3 vertices in digraph-wordnet.txt
==> passed

Test 17: check length() and ancestor() with zero-length iterable arguments
  * 100 random subsets of 0 and 5 vertices in digraph-wordnet.txt
  * 100 random subsets of 5 and 0 vertices in digraph-wordnet.txt
  * 100 random subsets of 0 and 0 vertices in digraph-wordnet.txt
==> passed

Test 18: check length() and ancestor() with invalid arguments
  * G = digraph1.txt v = -1, w = 0
  * G = digraph1.txt v = 0, w = -1
  * G = digraph1.txt v = 13, w = 0
  * G = digraph1.txt v = 0, w = 13
==> passed

Test 19: check iterable versions of length() and ancestor() with invalid arguments
  * G = digraph1.txt, v = { 0, 7, 9, 12 }, w = null
  * G = digraph1.txt, v = null, w = { 1, 2, 4, 5, 10 }
  * G = digraph1.txt, v = null, w = null
  * G = digraph1.txt, v = { 0, 7, 9, 12, -1 }, w = { 1, 2, 4, 5, 10 }
  * G = digraph1.txt, v = { 0, 7, 9, 12 }, w = { 1, 2, -1, 4, 5, 10 }
  * G = digraph1.txt, v = { 13, 0, 7, 9, 12 }, w = { 1, 2, 4, 5, 10 }
  * G = digraph1.txt, v = { 0, 7, 9, 12 }, w = { 1, 2, 4, 5, 13, 10 }
  * G = digraph1.txt, v = { 0, null, 7, 9, 12 }, w = { 1, 2, 4, 5, 10 }
  * G = digraph1.txt, v = { 0, 7, 9, 12 }, w = { 1, 2, 4, null, 5, 10 }
==> passed

Test 20: random calls to both version of length() and ancestor(),
         with probabilities p1 and p2, respectively
  * random calls in a random rooted DAG (20 vertices, 100 edges)
    (p1 = 0.5, p2 = 0.5)
  * random calls in a random digraph (20 vertices, 100 edges)
    (p1 = 0.5, p2 = 0.5)
==> passed


Total: 20/20 tests passed!


================================================================
********************************************************************************
*  TESTING CORRECTNESS (substituting reference SAP)
********************************************************************************

Testing correctness of WordNet
*-----------------------------------------------------------
Running 14 total tests.

Test 1: check distance() with random noun pairs
  * 1000 pairs using synsets = synsets.txt; hypernyms = hypernyms.txt
==> passed

Test 2: check distance() with all noun pairs
  * synsets = synsets15.txt; hypernyms = hypernyms15Path.txt
  * synsets = synsets15.txt; hypernyms = hypernyms15Tree.txt
  * synsets = synsets6.txt; hypernyms = hypernyms6TwoAncestors.txt
  * synsets = synsets11.txt; hypernyms = hypernyms11AmbiguousAncestor.txt
  * synsets = synsets8.txt; hypernyms = hypernyms8ModTree.txt
  * synsets = synsets8.txt; hypernyms = hypernyms8WrongBFS.txt
  * synsets = synsets11.txt; hypernyms = hypernyms11ManyPathsOneAncestor.txt
  * synsets = synsets8.txt; hypernyms = hypernyms8ManyAncestors.txt
==> passed

Test 3: check distance() with random noun pairs
  * 1000 pairs using synsets = synsets100-subgraph.txt; hypernyms = hypernyms100-subgraph.txt
  * 1000 pairs using synsets = synsets500-subgraph.txt; hypernyms = hypernyms500-subgraph.txt
  * 1000 pairs using synsets = synsets1000-subgraph.txt; hypernyms = hypernyms1000-subgraph.txt
==> passed

Test 4: check sap() with random noun pairs
  * 1000 pairs using synsets = synsets.txt; hypernyms = hypernyms.txt
==> passed

Test 5: check sap() with all noun pairs
  * synsets = synsets15.txt; hypernyms = hypernyms15Path.txt
  * synsets = synsets15.txt; hypernyms = hypernyms15Tree.txt
  * synsets = synsets6.txt; hypernyms = hypernyms6TwoAncestors.txt
  * synsets = synsets11.txt; hypernyms = hypernyms11AmbiguousAncestor.txt
  * synsets = synsets8.txt; hypernyms = hypernyms8ModTree.txt
  * synsets = synsets8.txt; hypernyms = hypernyms8WrongBFS.txt
  * synsets = synsets11.txt; hypernyms = hypernyms11ManyPathsOneAncestor.txt
  * synsets = synsets8.txt; hypernyms = hypernyms8ManyAncestors.txt
==> passed

Test 6: check sap() with random noun pairs
  * 1000 pairs using synsets = synsets100-subgraph.txt; hypernyms = hypernyms100-subgraph.txt
  * 1000 pairs using synsets = synsets500-subgraph.txt; hypernyms = hypernyms500-subgraph.txt
  * 1000 pairs using synsets = synsets1000-subgraph.txt; hypernyms = hypernyms1000-subgraph.txt
==> passed

Test 7: check whether WordNet is immutable
  * synsets = synsets.txt; hypernyms = hypernyms.txt
==> passed

Test 8: check constructor when input is not a rooted DAG
  * synsets3.txt, hypernyms3InvalidTwoRoots.txt
    - constructor fails to throw an exception
    - it should throw a java.lang.IllegalArgumentException

  * synsets3.txt, hypernyms3InvalidCycle.txt
    - constructor fails to throw an exception
    - it should throw a java.lang.IllegalArgumentException

  * synsets6.txt, hypernyms6InvalidTwoRoots.txt
    - constructor fails to throw an exception
    - it should throw a java.lang.IllegalArgumentException

  * synsets6.txt, hypernyms6InvalidCycle.txt
    - constructor fails to throw an exception
    - it should throw a java.lang.IllegalArgumentException

  * synsets6.txt, hypernyms6InvalidCycle+Path.txt
    - constructor fails to throw an exception
    - it should throw a java.lang.IllegalArgumentException

==> FAILED

Test 9: check isNoun()
  * synsets = synsets.txt; hypernyms = hypernyms.txt
  * synsets = synsets15.txt; hypernyms = hypernyms15Path.txt
  * synsets = synsets8.txt; hypernyms = hypernyms8ModTree.txt
==> passed

Test 10: check nouns()
  * synsets = synsets.txt; hypernyms = hypernyms.txt
  * synsets = synsets15.txt; hypernyms = hypernyms15Path.txt
  * synsets = synsets8.txt; hypernyms = hypernyms8ModTree.txt
==> passed

Test 11: check whether two WordNet objects can be created at the same time
  * synsets1 = synsets15.txt; hypernyms1 = hypernyms15Tree.txt
    synsets2 = synsets15.txt; hypernyms2 = hypernyms15Path.txt
  * synsets1 = synsets.txt; hypernyms1 = hypernyms.txt
    synsets2 = synsets15.txt; hypernyms2 = hypernyms15Path.txt
==> passed

Test 12: call distance() and sap() with invalid arguments
  * synsets15.txt, hypernyms15Tree.txt, nounA = "x", nounB = "b"
  * synsets15.txt, hypernyms15Tree.txt, nounA = "b", nounB = "x"
  * synsets15.txt, hypernyms15Tree.txt, nounA = "x", nounB = "a"
  * synsets15.txt, hypernyms15Tree.txt, nounA = "x", nounB = "x"
  * synsets15.txt, hypernyms15Tree.txt, nounA = "a", nounB = null
  * synsets15.txt, hypernyms15Tree.txt, nounA = null, nounB = "a"
  * synsets15.txt, hypernyms15Tree.txt, nounA = null, nounB = null
  * synsets15.txt, hypernyms15Tree.txt, nounA = "x", nounB = null
  * synsets15.txt, hypernyms15Tree.txt, nounA = null, nounB = "x"
==> passed

Test 13: call isNoun() with a null argument
  * synsets15.txt, hypernyms15Path.txt
    - isNoun(null) fails to throw an exception
    - it should throw a java.lang.IllegalArgumentException

==> FAILED

Test 14: random calls to isNoun(), distance(), and sap(), with
         probabilities p1, p2, and p3, respectively
  * 100 random calls (p1 = 0.5, p2 = 0.5, p3 = 0.0)
  * 100 random calls (p1 = 0.5, p2 = 0.0, p3 = 0.5)
  * 100 random calls (p1 = 0.0, p2 = 0.5, p3 = 0.5)
  * 100 random calls (p1 = 0.2, p2 = 0.4, p3 = 0.4)
==> passed


Total: 12/14 tests passed!


================================================================
********************************************************************************
*  TESTING CORRECTNESS (substituting reference SAP and WordNet)
********************************************************************************

Testing correctness of Outcast
*-----------------------------------------------------------
Running 2 total tests.

Test 1: check outcast() on WordNet digraph
        (synsets.txt and hypernyms.txt)
  * outcast2.txt
    - nouns = [Turing, von_Neumann]
    - student   outcast() = 
    - reference outcast() = Turing

  * outcast3.txt
    - nouns = [Turing, von_Neumann, Mickey_Mouse]
    - student   outcast() = 
    - reference outcast() = Mickey_Mouse

  * outcast4.txt
    - nouns = [probability, statistics, mathematics, physics]
    - student   outcast() = 
    - reference outcast() = probability

  * outcast5.txt
    - nouns = [horse, zebra, cat, bear, table]
    - student   outcast() = 
    - reference outcast() = table

  * outcast5a.txt
    - nouns = [earth, fire, air, water, heart]
    - student   outcast() = 
    - reference outcast() = heart

  * outcast7.txt
    - nouns = [Asia, Australia, North_America, India, Europe, Antarctica, South_America]
    - student   outcast() = 
    - reference outcast() = India

  * outcast8.txt
    - nouns = [water, soda, bed, orange_juice, milk, apple_juice, tea, coffee]
    - student   outcast() = 
    - reference outcast() = bed

  * outcast8a.txt
    - nouns = [Banti's_disease, hyperadrenalism, German_measles, gargoylism, Q_fever, amebiosis, anthrax, playboy]
    - student   outcast() = 
    - reference outcast() = playboy

  * outcast8b.txt
    - nouns = [apple, orange, banana, grape, strawberry, cabbage, mango, watermelon]
    - student   outcast() = 
    - reference outcast() = cabbage

  * outcast8c.txt
    - nouns = [car, auto, truck, plane, tree, train, vehicle, van]
    - student   outcast() = 
    - reference outcast() = tree

  * outcast9.txt
    - nouns = [lumber, wood, tree, leaf, nail, house, building, edifice, structure]
    - student   outcast() = 
    - reference outcast() = tree

  * outcast9a.txt
    - nouns = [hair, eyes, arm, mouth, nose, ear, cheek, brow, chin]
    - student   outcast() = 
    - reference outcast() = eyes

  * outcast10.txt
    - nouns = [cat, cheetah, dog, wolf, albatross, horse, zebra, lemur, orangutan, chimpanzee]
    - student   outcast() = 
    - reference outcast() = albatross

  * outcast10a.txt
    - nouns = [blue, green, yellow, brown, black, white, orange, violet, red, serendipity]
    - student   outcast() = 
    - reference outcast() = serendipity

  * outcast11.txt
    - nouns = [apple, pear, peach, banana, lime, lemon, blueberry, strawberry, mango, watermelon, potato]
    - student   outcast() = 
    - reference outcast() = potato

  * outcast12.txt
    - nouns = [Dylan, folk, Guthrie, idol, Minneapolis, music, musical, playing, public, recognition, review, thunderbird]
    - student   outcast() = 
    - reference outcast() = Minneapolis

  * outcast12a.txt
    - nouns = [competition, cup, event, fielding, football, level, practice, prestige, team, tournament, world, mongoose]
    - student   outcast() = 
    - reference outcast() = mongoose

  * outcast17.txt
    - nouns = [art, canvas, china, culture, kingdom, particularism, point, portable, ritual, road, script, sculpture, silk, style, transmission, wall, toluene]
    - student   outcast() = 
    - reference outcast() = particularism

  * outcast20.txt
    - nouns = [art, Buddha, Buddhism, canvas, china, culture, India, kingdom, particularism, point, portable, ritual, road, script, sculpture, silk, style, transmission, wall, toluene]
    - student   outcast() = 
    - reference outcast() = particularism

  * outcast29.txt
    - nouns = [acorn, application, assembly, award, basic, cad, code, computer, custom, depth, development, finish, hardware, instruction, language, machine, model, operation, processor, project, silicon, simulation, software, speed, support, team, technology, test, mosque]
    - student   outcast() = 
    - reference outcast() = acorn

==> FAILED

Test 2: check outcast() on WordNet subgraph
        (synsets50000-subgraph.txt and hypernyms50000-subgraph.txt)
  * outcast2.txt
    - nouns = [Turing, von_Neumann]
    - student   outcast() = 
    - reference outcast() = Turing

  * outcast3.txt
    - nouns = [Turing, von_Neumann, Mickey_Mouse]
    - student   outcast() = 
    - reference outcast() = Mickey_Mouse

  * outcast5.txt
    - nouns = [horse, zebra, cat, bear, table]
    - student   outcast() = 
    - reference outcast() = table

  * outcast5a.txt
    - nouns = [earth, fire, air, water, heart]
    - student   outcast() = 
    - reference outcast() = heart

  * outcast7.txt
    - nouns = [Asia, Australia, North_America, India, Europe, Antarctica, South_America]
    - student   outcast() = 
    - reference outcast() = India

  * outcast8.txt
    - nouns = [water, soda, bed, orange_juice, milk, apple_juice, tea, coffee]
    - student   outcast() = 
    - reference outcast() = bed

  * outcast8b.txt
    - nouns = [apple, orange, banana, grape, strawberry, cabbage, mango, watermelon]
    - student   outcast() = 
    - reference outcast() = cabbage

  * outcast8c.txt
    - nouns = [car, auto, truck, plane, tree, train, vehicle, van]
    - student   outcast() = 
    - reference outcast() = tree

  * outcast9.txt
    - nouns = [lumber, wood, tree, leaf, nail, house, building, edifice, structure]
    - student   outcast() = 
    - reference outcast() = tree

  * outcast10.txt
    - nouns = [cat, cheetah, dog, wolf, albatross, horse, zebra, lemur, orangutan, chimpanzee]
    - student   outcast() = 
    - reference outcast() = albatross

  * outcast11.txt
    - nouns = [apple, pear, peach, banana, lime, lemon, blueberry, strawberry, mango, watermelon, potato]
    - student   outcast() = 
    - reference outcast() = potato

==> FAILED


Total: 0/2 tests passed!


================================================================
********************************************************************************
*  MEMORY
********************************************************************************

Analyzing memory of SAP
*-----------------------------------------------------------
Running 1 total tests.

digraph G             = digraph-wordnet.txt
vertices in G         = 82192
edges    in G         = 84505
student     memory    = 8347912 bytes
reference   memory    = 10320408 bytes
ratio                 = 0.81
maximum allowed ratio = 2.50

Total: 1/1 tests passed!


================================================================



Analyzing memory of WordNet
*-----------------------------------------------------------
Running 3 total tests.

Test 1a: check memory of WordNet object
  * synsets = synsets1000-subgraph.txt; hypernyms = hypernyms1000-subgraph.txt
    - number of vertices in digraph = 1000
    - number of edges    in digraph = 1008
    - student   memory              = 612376 bytes
    - reference memory              = 1441648 bytes
    - student / reference ratio     = 0.4
    - maximum allowed rato          = 2.0

==> passed

Test 1b: check memory of WordNet object
  * synsets = synsets5000-subgraph.txt; hypernyms = hypernyms5000-subgraph.txt
    - number of vertices in digraph = 5000
    - number of edges    in digraph = 5059
    - student   memory              = 2997888 bytes
    - reference memory              = 7042320 bytes
    - student / reference ratio     = 0.4
    - maximum allowed rato          = 2.0

==> passed

Test 1c: check memory of WordNet object
  * synsets = synsets10000-subgraph.txt; hypernyms = hypernyms10000-subgraph.txt
    - number of vertices in digraph = 10000
    - number of edges    in digraph = 10087
    - student   memory              = 7014328 bytes
    - reference memory              = 16174672 bytes
    - student / reference ratio     = 0.4
    - maximum allowed rato          = 2.0

==> passed

Total: 3/3 tests passed!


================================================================



********************************************************************************
*  TIMING
********************************************************************************

Timing SAP
*-----------------------------------------------------------
Running 14 total tests.

Test 1: time SAP constructor
   *  digraph-wordnet.txt
      -  student solution time =  0.01 seconds
      -  maximum allowed  time =  1.00 seconds
==> passed

Test 2a-c: time length() and ancestor() with random pairs of vertices
  *  digraph-wordnet.txt
     -  reference solution calls per second: 1085843.00
     -  student   solution calls per second:    3858.00
     -  reference / student ratio:               281.45

=> passed      student <= 50000x reference
=> passed      student <= 10000x reference
=> passed      student <=  5000x reference
=> passed      student <=  1000x reference

Test 3a-c: time length() and ancestor() with random subsets of 5 vertices
  *  digraph-wordnet.txt
     -  reference solution calls per second:  306286.00
     -  student   solution calls per second:    1291.00
     -  reference / student ratio:               237.25

=> passed      student <= 10000x reference
=> passed      student <=  5000x reference
=> passed      student <=  1000x reference
=> passed      student <=   500x reference

Test 4a-c: time length() and ancestor() with random subsets of 100 vertices
  *  digraph-wordnet.txt
     -  reference solution calls per second:   20791.00
     -  student   solution calls per second:      77.00
     -  reference / student ratio:               270.01

=> passed      student <= 10000x reference
=> passed      student <=  5000x reference
=> passed      student <=  1000x reference
=> passed      student <=   500x reference

Test 5: Time 10 calls to length() and ancestor() on random path graphs
        (must handle V = 65536 in under 2 seconds)

             V  seconds
        ---------------
         65536     0.18
==> passed


Total: 14/14 tests passed!


================================================================



********************************************************************************
*  TIMING (substituting reference SAP)
********************************************************************************

Timing WordNet
*-----------------------------------------------------------
Running 11 total tests.

Test 1: check that exactly two In object created
        (one for synsets file and one for hypernyms file)
    - student   In construct calls = 0
    - reference In construct calls = 2
    - minimum required             = 2
    - maximum allowed              = 2

==> FAILED

Test 2: count number of SAP operations when constructing a WordNet object
        and calling distance() and sap() three times each
  * calls to constructor = 6
    - minimum required   = 1
    - maximum allowed    = 1

  * calls to length()    = 3
  * calls to ancestor()  = 6

==> FAILED

Test 3: count Digraph operations during WordNet constructor
  * synsets = synsets.txt; hypernyms = hypernyms.txt
  * number of synsets    = 82192
  * number of hypernyms  = 84505
  * calls to constructor = 1
  * calls to addEdge()   = 84505
  * calls to adj()       = 0
  * calls to outdegree() = 0
  * calls to indegree()  = 0
  * calls to reverse()   = 0
  * calls to toString()  = 0

==> passed

Test 4: count Digraph operations during 1000 calls each
        to distance() and sap()
  * synsets = synsets.txt; hypernyms = hypernyms.txt
  * calls to constructor = 2000
    - the distance() and sap() methods should not need to create new digraphs

  * calls to addEdge()   = 0
  * calls to adj()       = 46298
  * calls to reverse()   = 0
  * calls to toString()  = 0

==> FAILED

Test 5: time WordNet constructor
  * synsets = synsets.txt; hypernyms = hypernyms.txt
    - student constructor time =  0.19 seconds
    - maximum allowed     time = 10.00 seconds

==> passed

Test 6a-e: time sap() and distance() with random nouns
  * synsets = synsets.txt; hypernyms = hypernyms.txt
    - reference solution calls per second:  312977.00
    - student   solution calls per second:     136.00
    - reference / student ratio:              2301.30

=> passed    student <= 10000x reference
=> FAILED    student <=  1000x reference
=> FAILED    student <=   100x reference
=> FAILED    student <=    10x reference
=> FAILED    student <=     5x reference

Test 7: time isNoun() with random nouns
  * synsets = synsets.txt; hypernyms = hypernyms.txt
    - reference solution calls per second: 1274589.00
    - student   solution calls per second: 1132061.00
    - reference / student ratio:                 1.13
    - allowed ratio:                             4.00
==> passed

Total: 4/11 tests passed!


================================================================



********************************************************************************
*  TIMING (substituting reference SAP and WordNet)
********************************************************************************

Timing Outcast
*-----------------------------------------------------------
Running 2 total tests.

Test 1: count calls to methods in WordNet
 * outcast4.txt
    - student   distance() calls  = 0
    - reference distance() calls  = 6
    - maximum allowed             = 16

 * outcast10.txt
    - student   distance() calls  = 0
    - reference distance() calls  = 45
    - maximum allowed             = 100

 * outcast29.txt
    - student   distance() calls  = 0
    - reference distance() calls  = 406
    - maximum allowed             = 841

==> FAILED

Test 2: timing calls to outcast() for various outcast files

Total time must not exceed 1.0 seconds.

    filename       n     time
-----------------------------
   outcast4.txt    4     0.00
   outcast5.txt    5     0.00
  outcast5a.txt    5     0.00
   outcast5.txt    5     0.00
   outcast7.txt    7     0.00
   outcast8.txt    8     0.00
  outcast8a.txt    8     0.00
  outcast8b.txt    8     0.00
  outcast8c.txt    8     0.00
   outcast9.txt    9     0.00
  outcast9a.txt    9     0.00
  outcast10.txt   10     0.00
 outcast10a.txt   10     0.00
  outcast11.txt   11     0.00
  outcast12.txt   12     0.00
 outcast12a.txt   12     0.00
  outcast20.txt   20     0.00
  outcast29.txt   29     0.00

Total elapsed time: 0.00 seconds

==> passed


Total: 1/2 tests passed!


================================================================